<?xml version="1.0" encoding="UTF-8"?>
<!-- Generated by org.testng.reporters.JUnitXMLReporter -->
<testsuite ignored="0" hostname="DESKTOP-F0JQ5GI" failures="0" tests="4" name="Test" time="37.494" errors="0" timestamp="2021-01-25T01:29:24 IST">
  <testcase classname="paytmapp.PaytmTest" name="prepaidPostPaidTab" time="1.555"/>
  <testcase classname="paytmapp.PaytmTest" name="validateTextBoxAndDropdownInPrepaidPostPaidTab" time="1.537"/>
  <testcase classname="paytmapp.SearchProductTest" name="validateSortingInProductDeatails" time="6.499"/>
  <testcase classname="paytmapp.SearchProductTest" name="validateSortingInProductDeatails" time="6.995"/>
</testsuite> <!-- Test -->
